\BOOKMARK [0][-]{Doc-Start}{\376\377\144\130\000\040\000\040\000\040\211\201}{}% 1
\BOOKMARK [0][-]{Doc-Start}{\376\377\000A\000b\000s\000t\000r\000a\000c\000t}{}% 2
\BOOKMARK [0][-]{Doc-Start}{\376\377\212\214\000\040\000\040\000\040\213\035}{}% 3
\BOOKMARK [0][-]{chapter.1}{\376\377\122\115\212\000}{}% 4
\BOOKMARK [1][-]{section.1.1}{\376\377\170\024\172\166\122\325\152\137}{chapter.1}% 5
\BOOKMARK [1][-]{section.1.2}{\376\377\210\375\117\134\220\116\172\013}{chapter.1}% 6
\BOOKMARK [0][-]{chapter.2}{\376\377\164\260\130\203\212\055\133\232}{}% 7
\BOOKMARK [1][-]{section.2.1}{\376\377\147\052\117\206\134\125\147\033}{chapter.2}% 8
\BOOKMARK [1][-]{section.2.2}{\376\377\211\217\122\107\212\252\146\016}{chapter.2}% 9
\BOOKMARK [0][-]{chapter.3}{\376\377\152\137\126\150\133\170\177\322}{}% 10
\BOOKMARK [1][-]{section.3.1}{\376\377\230\136\171\136\175\223\175\262\175\141}{chapter.3}% 11
\BOOKMARK [2][-]{subsection.3.1.1}{\376\377\125\137\122\325\121\375\145\170}{section.3.1}% 12
\BOOKMARK [2][-]{subsection.3.1.2}{\376\377\144\015\131\061\121\375\145\170}{section.3.1}% 13
\BOOKMARK [2][-]{subsection.3.1.3}{\376\377\121\052\123\026\173\227\154\325}{section.3.1}% 14
\BOOKMARK [1][-]{section.3.2}{\376\377\137\067\123\026\133\170\177\322}{chapter.3}% 15
\BOOKMARK [2][-]{subsection.3.2.1}{\376\377\231\254\123\357\131\053\154\172\173\126}{section.3.2}% 16
\BOOKMARK [1][-]{section.3.3}{\376\377\000P\000o\000l\000i\000c\000y\000\040\000G\000r\000a\000d\000i\000e\000n\000t\164\006\212\326}{chapter.3}% 17
\BOOKMARK [2][-]{subsection.3.3.1}{\376\377\000A\000c\000t\000o\000r\000\040\000C\000r\000i\000t\000i\000c}{section.3.3}% 18
\BOOKMARK [0][-]{chapter.4}{\376\377\212\023\175\364\164\260\130\203}{}% 19
\BOOKMARK [1][-]{section.4.1}{\376\377\000O\000p\000e\000n\000A\000I\000\040\000G\000y\000m}{chapter.4}% 20
\BOOKMARK [1][-]{section.4.2}{\376\377\000P\000o\000n\000g}{chapter.4}% 21
\BOOKMARK [0][-]{figure.4.1}{\376\377\123\303\200\003\145\207\163\173}{}% 22
\BOOKMARK [0][-]{chapter*.2}{\376\377\226\104\223\004}{}% 23
